<?xml version="1.0" encoding="utf-8" standalone="no"?>
<!--This file represents the results of running a test suite-->
<test-results name="Spring.Data.NHibernate32.Tests.dll" total="0" errors="0" failures="0" not-run="0" inconclusive="0" ignored="0" skipped="0" invalid="0" date="2012-12-11" time="23:38:15">
  <environment nunit-version="2.5.7.10213" clr-version="2.0.50727.3634" os-version="Microsoft Windows NT 5.2.3790 Service Pack 2" platform="Win32NT" cwd="F:\bamboo-home\xml-data\build-dir\SPRNET-RELEASE-JOB1\build\net\4.0\release" machine-name="NEWYORK" user="bamboo-agent" user-domain="NEWYORK" />
  <culture-info current-culture="en-US" current-uiculture="en-US" />
  <test-suite type="Assembly" name="Spring.Data.NHibernate32.Tests.dll" executed="False" result="NotRunnable">
    <reason>
      <message><![CDATA[Has no TestFixtures]]></message>
    </reason>
  </test-suite>
</test-results>